#######################################################################################
# log primitive debug message of FSDB dumping                                         #
# This is for R&D to analyze when there are issues happening when FSDB dump           #
#######################################################################################
ANF: vcsd_get_serial_mode_status('./simv: undefined symbol: vcsd_get_serial_mode_status')
ANF: vcsd_enable_sva_success_callback('./simv: undefined symbol: vcsd_enable_sva_success_callback')
ANF: vcsd_disable_sva_success_callback('./simv: undefined symbol: vcsd_disable_sva_success_callback')
ANF: vcsd_get_power_scope_name('./simv: undefined symbol: vcsd_get_power_scope_name')
ANF: vcsd_begin_no_value_var_info('./simv: undefined symbol: vcsd_begin_no_value_var_info')
ANF: vcsd_end_no_value_var_info('./simv: undefined symbol: vcsd_end_no_value_var_info')
ANF: vcsd_remove_xprop_merge_mode_callback('./simv: undefined symbol: vcsd_remove_xprop_merge_mode_callback')
ANF: vhpi_get_cb_info('./simv: undefined symbol: vhpi_get_cb_info')
ANF: vhpi_free_handle('./simv: undefined symbol: vhpi_free_handle')
ANF: vhpi_fetch_vcsd_handle('./simv: undefined symbol: vhpi_fetch_vcsd_handle')
ANF: vhpi_fetch_vpi_handle('./simv: undefined symbol: vhpi_fetch_vpi_handle')
ANF: vhpi_has_verilog_parent('./simv: undefined symbol: vhpi_has_verilog_parent')
ANF: vhpi_is_verilog_scope('./simv: undefined symbol: vhpi_is_verilog_scope')
ANF: scsd_xprop_is_enabled('./simv: undefined symbol: scsd_xprop_is_enabled')
ANF: scsd_xprop_sig_is_promoted('./simv: undefined symbol: scsd_xprop_sig_is_promoted')
ANF: scsd_xprop_int_xvalue('./simv: undefined symbol: scsd_xprop_int_xvalue')
ANF: scsd_xprop_bool_xvalue('./simv: undefined symbol: scsd_xprop_bool_xvalue')
ANF: scsd_xprop_enum_xvalue('./simv: undefined symbol: scsd_xprop_enum_xvalue')
ANF: scsd_xprop_register_merge_mode_cb('./simv: undefined symbol: scsd_xprop_register_merge_mode_cb')
ANF: scsd_xprop_delete_merge_mode_cb('./simv: undefined symbol: scsd_xprop_delete_merge_mode_cb')
ANF: scsd_xprop_get_merge_mode('./simv: undefined symbol: scsd_xprop_get_merge_mode')
ANF: scsd_thread_get_info('./simv: undefined symbol: scsd_thread_get_info')
ANF: scsd_thread_vc_init('./simv: undefined symbol: scsd_thread_vc_init')
ANF: scsd_master_set_delta_sync_cbk('./simv: undefined symbol: scsd_master_set_delta_sync_cbk')
ANF: scsd_fgp_get_fsdb_cores('./simv: undefined symbol: scsd_fgp_get_fsdb_cores')
ANF: msvEnableDumpingMode('./simv: undefined symbol: msvEnableDumpingMode')
ANF: msvGetVersion('./simv: undefined symbol: msvGetVersion')
ANF: msvGetInstProp('./simv: undefined symbol: msvGetInstProp')
ANF: msvIsSpiceEngineReady('./simv: undefined symbol: msvIsSpiceEngineReady')
ANF: msvSetAddProbeCallback('./simv: undefined symbol: msvSetAddProbeCallback')
ANF: msvGetInstHandle('./simv: undefined symbol: msvGetInstHandle')
ANF: msvGetProbeByInst('./simv: undefined symbol: msvGetProbeByInst')
ANF: msvGetSigHandle('./simv: undefined symbol: msvGetSigHandle')
ANF: msvGetProbeBySig('./simv: undefined symbol: msvGetProbeBySig')
ANF: msvGetProbeInfo('./simv: undefined symbol: msvGetProbeInfo')
ANF: msvRelease('./simv: undefined symbol: msvRelease')
ANF: msvSetVcCallbackFunc('./simv: undefined symbol: msvSetVcCallbackFunc')
ANF: msvCheckVcCallback('./simv: undefined symbol: msvCheckVcCallback')
ANF: msvAddVcCallback('./simv: undefined symbol: msvAddVcCallback')
ANF: msvRemoveVcCallback('./simv: undefined symbol: msvRemoveVcCallback')
ANF: msvGetLatestValue('./simv: undefined symbol: msvGetLatestValue')
ANF: msvSetEndofSimCallback('./simv: undefined symbol: msvSetEndofSimCallback')
ANF: msvIgnoredProbe('./simv: undefined symbol: msvIgnoredProbe')
ANF: msvGetThruNetInfo('./simv: undefined symbol: msvGetThruNetInfo')
ANF: msvFreeThruNetInfo('./simv: undefined symbol: msvFreeThruNetInfo')
ANF: PI_ace_get_output_time_unit('./simv: undefined symbol: PI_ace_get_output_time_unit')
ANF: PI_ace_sim_sync('./simv: undefined symbol: PI_ace_sim_sync')
ANF: msvGetRereadInitFile('./simv: undefined symbol: msvGetRereadInitFile')
ANF: msvSetBeforeRereadCallback('./simv: undefined symbol: msvSetBeforeRereadCallback')
ANF: msvSetAfterRereadCallback('./simv: undefined symbol: msvSetAfterRereadCallback')
ANF: msvSetForceCallback('./simv: undefined symbol: msvSetForceCallback')
ANF: msvSetReleaseCallback('./simv: undefined symbol: msvSetReleaseCallback')
ANF: msvGetForceStatus('./simv: undefined symbol: msvGetForceStatus')
ANF: vhdi_dt_get_type('./simv: undefined symbol: vhdi_dt_get_type')
ANF: vhdi_dt_get_key('./simv: undefined symbol: vhdi_dt_get_key')
ANF: vhdi_dt_get_vhdl_enum_info('./simv: undefined symbol: vhdi_dt_get_vhdl_enum_info')
ANF: vhdi_dt_get_vhdl_physical_info('./simv: undefined symbol: vhdi_dt_get_vhdl_physical_info')
ANF: vhdi_dt_get_vhdl_array_info('./simv: undefined symbol: vhdi_dt_get_vhdl_array_info')
ANF: vhdi_dt_get_vhdl_record_info('./simv: undefined symbol: vhdi_dt_get_vhdl_record_info')
ANF: vhdi_def_traverse_module('./simv: undefined symbol: vhdi_def_traverse_module')
ANF: vhdi_def_traverse_scope('./simv: undefined symbol: vhdi_def_traverse_scope')
ANF: vhdi_def_traverse_variable('./simv: undefined symbol: vhdi_def_traverse_variable')
ANF: vhdi_def_get_module_id_by_vhpi('./simv: undefined symbol: vhdi_def_get_module_id_by_vhpi')
ANF: vhdi_def_get_handle_by_module_id('./simv: undefined symbol: vhdi_def_get_handle_by_module_id')
ANF: vhdi_def_get_variable_info_by_vhpi('./simv: undefined symbol: vhdi_def_get_variable_info_by_vhpi')
ANF: vhdi_def_free('./simv: undefined symbol: vhdi_def_free')
ANF: vhdi_ist_traverse_scope('./simv: undefined symbol: vhdi_ist_traverse_scope')
ANF: vhdi_ist_traverse_variable('./simv: undefined symbol: vhdi_ist_traverse_variable')
ANF: vhdi_ist_convert_by_vhpi('./simv: undefined symbol: vhdi_ist_convert_by_vhpi')
ANF: vhdi_ist_clone('./simv: undefined symbol: vhdi_ist_clone')
ANF: vhdi_ist_free('./simv: undefined symbol: vhdi_ist_free')
ANF: vhdi_ist_hash_key('./simv: undefined symbol: vhdi_ist_hash_key')
ANF: vhdi_ist_compare('./simv: undefined symbol: vhdi_ist_compare')
ANF: vhdi_ist_get_value_addr('./simv: undefined symbol: vhdi_ist_get_value_addr')
ANF: vhdi_set_scsd_callback('./simv: undefined symbol: vhdi_set_scsd_callback')
ANF: vhdi_cbk_set_force_callback('./simv: undefined symbol: vhdi_cbk_set_force_callback')
ANF: vhdi_trigger_init_force('./simv: undefined symbol: vhdi_trigger_init_force')
ANF: vhdi_ist_check_scsd_callback('./simv: undefined symbol: vhdi_ist_check_scsd_callback')
ANF: vhdi_ist_add_scsd_callback('./simv: undefined symbol: vhdi_ist_add_scsd_callback')
ANF: vhdi_ist_remove_scsd_callback('./simv: undefined symbol: vhdi_ist_remove_scsd_callback')
ANF: vhdi_ist_get_scsd_user_data('./simv: undefined symbol: vhdi_ist_get_scsd_user_data')
ANF: vhdi_add_time_change_callback('./simv: undefined symbol: vhdi_add_time_change_callback')
ANF: vhdi_get_real_value_by_value_addr('./simv: undefined symbol: vhdi_get_real_value_by_value_addr')
ANF: vhdi_get_64_value_by_value_addr('./simv: undefined symbol: vhdi_get_64_value_by_value_addr')
ANF: vhdi_xprop_inst_is_promoted('./simv: undefined symbol: vhdi_xprop_inst_is_promoted')
ANF: vdi_ist_convert_by_vhdi('./simv: undefined symbol: vdi_ist_convert_by_vhdi')
ANF: vhdi_ist_get_module_id('./simv: undefined symbol: vhdi_ist_get_module_id')
ANF: vhdi_refine_foreign_scope_type('./simv: undefined symbol: vhdi_refine_foreign_scope_type')
ANF: vhdi_flush_callback('./simv: undefined symbol: vhdi_flush_callback')
ANF: vhdi_set_orig_name('./simv: undefined symbol: vhdi_set_orig_name')
ANF: vhdi_set_dump_pt('./simv: undefined symbol: vhdi_set_dump_pt')
ANF: vhdi_get_fsdb_option('./simv: undefined symbol: vhdi_get_fsdb_option')
ANF: vhdi_fgp_get_mode('./simv: undefined symbol: vhdi_fgp_get_mode')
ANF: vhdi_node_register_composite_var('./simv: undefined symbol: vhdi_node_register_composite_var')
ANF: vhdi_node_analysis('./simv: undefined symbol: vhdi_node_analysis')
ANF: vhdi_node_id('./simv: undefined symbol: vhdi_node_id')
ANF: vhdi_node_ist_check_scsd_callback('./simv: undefined symbol: vhdi_node_ist_check_scsd_callback')
ANF: vhdi_node_ist_add_scsd_callback('./simv: undefined symbol: vhdi_node_ist_add_scsd_callback')
ANF: vhdi_node_ist_get_value_addr('./simv: undefined symbol: vhdi_node_ist_get_value_addr')
VCS compile option:
 option[0]: ./simv
 option[1]: /tool/synopsys/vcs/linux64/bin/vcs1
 option[2]: -Mcc=gcc
 option[3]: -Mcplusplus=g++
 option[4]: -Masflags=
 option[5]: -Mcfl= -pipe -fPIC -O -I/tool/synopsys/vcs/include 
 option[6]: -Mxcflags= -pipe -fPIC -I/tool/synopsys/vcs/include
 option[7]: -Mldflags= -rdynamic 
 option[8]: -Mout=simv
 option[9]: -Mamsrun=
 option[10]: -Mvcsaceobjs=
 option[11]: -Mobjects= /tool/synopsys/vcs/linux64/lib/libvirsim.so /tool/synopsys/vcs/linux64/lib/liberrorinf.so /tool/synopsys/vcs/linux64/lib/libsnpsmalloc.so /tool/synopsys/vcs/linux64/lib/libvfs.so 
 option[12]: -Mexternalobj=
 option[13]: -Msaverestoreobj=/tool/synopsys/vcs/linux64/lib/vcs_save_restore_new.o
 option[14]: -Mcrt0=
 option[15]: -Mcrtn=
 option[16]: -Mcsrc=
 option[17]: -Msyslibs=/tool/synopsys/verdi/share/PLI/VCS/LINUX64/pli.a -ldl 
 option[18]: -fsdb
 option[19]: -P
 option[20]: /tool/synopsys/verdi/share/PLI/VCS/LINUX64/verdi.tab
 option[21]: -full64
 option[22]: -picarchive
 option[23]: -gen_obj
 option[24]: testbench.v
 option[25]: alu.v
 option[26]: -load
 option[27]: /tool/synopsys/verdi/share/PLI/VCS/LINUX64/libnovas.so:FSDBDumpCmd
Chronologic Simulation VCS Release O-2018.09-SP2_Full64
Linux 3.10.0-1160.76.1.el7.x86_64 #1 SMP Wed Aug 10 16:21:17 UTC 2022 x86_64
CPU cores: 48
Limit information:
======================================
cputime		unlimited
filesize		unlimited
datasize		unlimited
stacksize		8192 kbytes
coredumpsize		0 kbytes
memoryuse		unlimited
vmemoryuse		unlimited
descriptors		4096
memorylocked		64 kbytes
maxproc		4096
======================================
(Special)Runtime environment variables:

Runtime environment variables:
SPECTRE_HOME=/tool/cadence/spectre
XDG_SESSION_ID=27
OSTYPE=linux
LD_LIBRARY_PATH=/tool/mentor/calibre/aoj_cal_2019.3_15.11/shared/pkgs/icv/tools/calibre_client/lib/64
DBUS_SESSION_BUS_ADDRESS=unix:path=/tmp/.vnc-1008/run/session-f9f42931aa2a4a8a/bus
DISPLAY=rdlx01:8
REMOTEHOST=rdlx02
LC_HOME=/tool/synopsys/lc
OA_UNSUPPORTED_PLAT=linux_rhel50_gcc44x
XDG_CURRENT_DESKTOP=KDE
W3264_NO_HOST_CHECK=1
HOSTNAME=rdlx01
MGC_LIB_PATH=/tool/mentor/calibre/aoj_cal_2019.3_15.11/lib
KDE_SESSION_UID=1008
MACHTYPE=x86_64
QTLIB=/usr/lib64/qt-3.3/lib
GTK_RC_FILES=/etc/gtk/gtkrc:/home/rduser08/.gtkrc:/home/rduser08/.kde/share/config/gtkrc
GNOME_TERMINAL_SERVICE=:1.135
COLORTERM=truecolor
PWD=/home/rduser08/project/CVSD2022/HW/HW1/1111_hw1
LOGNAME=rduser08
MW_HOME=/tool/synopsys/mw
QT_PLUGIN_PATH=/usr/lib64/kde4/plugins:/usr/lib/kde4/plugins:/home/rduser08/.kde/lib64/kde4/plugins/:/usr/lib64/kde4/plugins/
PULSE_SERVER=/tmp/.vnc-1008/run/session-f9f42931aa2a4a8a/pulse/native
SHELL=/bin/csh
STARRC_HOME=/tool/synopsys/starrc
PATH=/tool/synopsys/lc/bin:/tool/synopsys/lakeroa/bin:/tool/synopsys/mw/bin:/tool/synopsys/starrc/bin:/tool/synopsys/wv/bin:/tool/synopsys/icc2/bin:/tool/synopsys/hspice/hspice/bin:/tool/synopsys/dc/amd64/syn/bin:/tool/synopsys/pt/amd64/syn/bin:/tool/synopsys/vcs/gui/dve/bin:/tool/synopsys/verdi/bin:/tool/synopsys/vcs/bin:/usr/lib64/qt-3.3/bin:/usr/local/bin:/bin:/usr/bin:/tool/init/scl2018//linux64/bin:/tool/cadence/ic618/tools/bin:/tool/cadence/ic618/tools/dfII/bin:/tool/cadence/spectre/bin:/tool/cadence/spectre/tools/bin:/tool/cadence/liberate/bin:/tool/cadence/liberate/bin:/tool/cadence/xcelium/tools/bin/64bit:/tool/cadence/xcelium/tools/bin/64bit:/tool/cadence/confrml/bin:/tool/cadence/confrml/bin:/tool/mentor/calibre/aoj_cal_2019.3_15.11/bin
XDG_SESSION_CLASS=user
MGC_CALIBRE_REALTIME_VIRTUOSO_SAVE_MESSENGER_CELL=1
DC_HOME=/tool/synopsys/dc
XCELIUM_HOME=/tool/cadence/xcelium/tools
PT_HOME=/tool/synopsys/pt
XDG_MENU_PREFIX=kde4-
CDS_ENABLE_VMS=1
WV_HOME=/tool/synopsys/wv
GTK2_RC_FILES=/etc/gtk-2.0/gtkrc:/home/rduser08/.gtkrc-2.0:/home/rduser08/.gtkrc-2.0-kde4:/home/rduser08/.kde/share/config/gtkrc-2.0
HOST=rdlx01
SSH_ASKPASS=/usr/libexec/openssh/gnome-ssh-askpass
XAUTHORITY=/tmp/kde-rduser08/xauth-1008-_8
VENDOR=unknown
CALIBRE_HOME=/tool/mentor/calibre/aoj_cal_2019.3_15.11
LIBERATE_HOME=/tool/cadence/liberate
CDSDIR=/tool/cadence/ic618
CDSHOME=/tool/cadence/ic618
QT_GRAPHICSSYSTEM_CHECKED=1
HOSTTYPE=x86_64-linux
LESSOPEN=||/usr/bin/lesspipe.sh %s
CDS_SPECTRE_FBENABLE=1
GROUP=rduser
MAIL=/var/spool/mail/rduser08
MGC_HOME=/tool/mentor/calibre/aoj_cal_2019.3_15.11
DESKTOP_SESSION=1-kde-plasma-standard
SNPSLMD_LICENSE_FILE=27000@rdlx01
MENTOR_HOME=/tool/mentor
CDS=/tool/cadence/ic618
LS_COLORS=rs=0:di=38;5;27:ln=38;5;51:mh=44;38;5;15:pi=40;38;5;11:so=38;5;13:do=38;5;5:bd=48;5;232;38;5;11:cd=48;5;232;38;5;3:or=48;5;232;38;5;9:mi=05;48;5;232;38;5;15:su=48;5;196;38;5;15:sg=48;5;11;38;5;16:ca=48;5;196;38;5;226:tw=48;5;10;38;5;16:ow=48;5;10;38;5;21:st=48;5;21;38;5;15:ex=38;5;34:*.tar=38;5;9:*.tgz=38;5;9:*.arc=38;5;9:*.arj=38;5;9:*.taz=38;5;9:*.lha=38;5;9:*.lz4=38;5;9:*.lzh=38;5;9:*.lzma=38;5;9:*.tlz=38;5;9:*.txz=38;5;9:*.tzo=38;5;9:*.t7z=38;5;9:*.zip=38;5;9:*.z=38;5;9:*.Z=38;5;9:*.dz=38;5;9:*.gz=38;5;9:*.lrz=38;5;9:*.lz=38;5;9:*.lzo=38;5;9:*.xz=38;5;9:*.bz2=38;5;9:*.bz=38;5;9:*.tbz=38;5;9:*.tbz2=38;5;9:*.tz=38;5;9:*.deb=38;5;9:*.rpm=38;5;9:*.jar=38;5;9:*.war=38;5;9:*.ear=38;5;9:*.sar=38;5;9:*.rar=38;5;9:*.alz=38;5;9:*.ace=38;5;9:*.zoo=38;5;9:*.cpio=38;5;9:*.7z=38;5;9:*.rz=38;5;9:*.cab=38;5;9:*.jpg=38;5;13:*.jpeg=38;5;13:*.gif=38;5;13:*.bmp=38;5;13:*.pbm=38;5;13:*.pgm=38;5;13:*.ppm=38;5;13:*.tga=38;5;13:*.xbm=38;5;13:*.xpm=38;5;13:*.tif=38;5;13:*.tiff=38;5;13:*.png=38;5;13:*.svg=38;5;13:*.svgz=38;5;13:*.mng=38;5;13:*.pcx=38;5;13:*.mov=38;5;13:*.mpg=38;5;13:*.mpeg=38;5;13:*.m2v=38;5;13:*.mkv=38;5;13:*.webm=38;5;13:*.ogm=38;5;13:*.mp4=38;5;13:*.m4v=38;5;13:*.mp4v=38;5;13:*.vob=38;5;13:*.qt=38;5;13:*.nuv=38;5;13:*.wmv=38;5;13:*.asf=38;5;13:*.rm=38;5;13:*.rmvb=38;5;13:*.flc=38;5;13:*.avi=38;5;13:*.fli=38;5;13:*.flv=38;5;13:*.gl=38;5;13:*.dl=38;5;13:*.xcf=38;5;13:*.xwd=38;5;13:*.yuv=38;5;13:*.cgm=38;5;13:*.emf=38;5;13:*.axv=38;5;13:*.anx=38;5;13:*.ogv=38;5;13:*.ogx=38;5;13:*.aac=38;5;45:*.au=38;5;45:*.flac=38;5;45:*.mid=38;5;45:*.midi=38;5;45:*.mka=38;5;45:*.mp3=38;5;45:*.mpc=38;5;45:*.ogg=38;5;45:*.ra=38;5;45:*.wav=38;5;45:*.axa=38;5;45:*.oga=38;5;45:*.spx=38;5;45:*.xspf=38;5;45:
VCS_HOME=/tool/synopsys/vcs
NOVAS_HOME=/tool/synopsys/verdi
CDS_SPECTRERF_FBENABLE=1
PERL_HOMEDIR=0
QTDIR=/usr/lib64/qt-3.3
USER=rduser08
LM_LICENSE_FILE=27000@rdlx01
ICC_HOME=/tool/synopsys/icc2
KDE_SESSION_VERSION=4
VNCDESKTOP=x11
CDS_Netlisting_Mode=Analog
VERDI_HOME=/tool/synopsys/verdi
CDS_LOAD_ENV=CWD
KDE_FULL_SESSION=true
QTINC=/usr/lib64/qt-3.3/include
CVS_RSH=ssh
HOME=/home/rduser08
CDS_ROOT=/tool/cadence/ic618
CDS_LIC_ONLY=1
KDEDIRS=/usr
SPECTRE_DEFAULTS=-E
XDG_RUNTIME_DIR=/tmp/.vnc-1008/run
GS_LIB=
CDS_AUTO_64BIT=ALL
SYNOPSYS_HOME=/tool/synopsys
XDG_DATA_DIRS=/usr/share/kde-settings/kde-profile/default/share:/usr/local/share:/usr/share
DISPLAYNUM=8
SYNOPSYS_LC_ROOT=/tool/synopsys/pt/bin/
CDSROOT=/tool/cadence/ic618
CADENCE_DIR=/tool/cadence/ic618
XCURSOR_THEME=Adwaita
LANG=C
MGLS_LICENSE_FILE=/tool/mentor/license/license.dat
LAKER_HOME=/tool/synopsys/lakeroa
MGC_CALIBRE_SAVE_ALL_RUNSET_VALUES=1
CONFORMAL_HOME=/tool/cadence/confrml
SHLVL=4
CALIBRE_ENABLE_SKILL_PEXBA_MODE=1
CDS_INST_DIR=/tool/cadence/ic618
CDS_LIC_FILE=/tool/cadence/license/license.dat
GNOME_TERMINAL_SCREEN=/org/gnome/Terminal/screen/478bb8ae_6c55_4118_bced_6036b4a723d4
HSPICE_HOME=/tool/synopsys/hspice
KDE_MULTIHEAD=false
VTE_VERSION=5204
TERM=xterm-256color
_=/usr/libexec/kde4/start_kdeinit_wrapper
CADHOME=/tool/cadence
MGC_CALIBRE_REALTIME_VIRTUOSO_ENABLED=1
SESSION_MANAGER=local/unix:@/tmp/.ICE-unix/20404,unix/unix:/tmp/.ICE-unix/20404
SCL_HOME=/tool/init/scl2018/
XDG_SESSION_TYPE=x11
VCS_HEAP_EXEC=true
VCS_PATHMAP_PRELOAD_DONE=1
VCS_STACK_EXEC=true
VCS_EXEC_DONE=1
LC_ALL=C
DVE=/tool/synopsys/vcs/gui/dve
SPECMAN_OUTPUT_TO_TTY=1
Runtime command line arguments:
argv[0]=./simv
267 profile - 100
          CPU/Mem usage: 0.070 sys,  0.320 user,  260.94M mem
268 Wed Sep 28 19:49:59 2022
269 pliAppInit
270 FSDB_GATE is set.
271 FSDB_RTL is set.
272 Enable Parallel Dumping.
273 pliAppMiscSet: New Sim Round
274 pliEntryInit
275 LIBSSCORE=found /tool/synopsys/verdi/share/PLI/lib/LINUXAMD64/libsscore_vcs201809.so through $NOVAS_HOME setting.
276 FSDB Dumper for VCS, Release Verdi_O-2018.09-SP2, Linux x86_64/64bit, 02/21/2019
277 (C) 1996 - 2019 by Synopsys, Inc.
278 sps_call_fsdbDumpfile_main at 0 : testbench.v(34)
279 argv[0]: (alu.fsdb)
280 *Verdi* FSDB WARNING: The FSDB file already exists. Overwriting the FSDB file may crash the programs that are using this file.
281 *Verdi* : Create FSDB file 'alu.fsdb'
282 compile option from '/home/rduser08/project/CVSD2022/HW/HW1/1111_hw1/simv.daidir/vcs_rebuild'.
283   "vcs 'testbench.v' 'alu.v' '-fsdb' '-full64' 2>&1"
284 FSDB_VCS_ENABLE_FAST_VC is enable
285 sps_call_fsdbDumpvars_vd_main at 0 : testbench.v(35)
286 argv[0]: (0)
287 argv[1]: (+mda)
288 [spi_vcs_vd_ppi_create_root]: no upf option
289 [spi_vcs_vd_ppi_create_root]: no debug option
290 FSDB dumper cannot dump UPF related power signal ($power_tree): no ppiPowerNetwork.
291 *Verdi* : Begin traversing the scopes, layer (0).
292 *Verdi* : Enable +mda dumping.
293 *Verdi* : End of traversing.
294 pliAppHDL_DumpVarComplete traverse var: profile - 
          CPU/Mem usage: 0.100 sys,  0.320 user,  357.38M mem
                   incr: 0.000 sys,  0.000 user,  8.92M mem
                   accu: 0.000 sys,  0.000 user,  8.92M mem
              accu incr: 0.000 sys,  0.000 user,  8.92M mem

          Count usage: 596 var,  546 idcode,  153 callback
                 incr: 596 var,  546 idcode,  153 callback
                 accu: 596 var,  546 idcode,  153 callback
            accu incr: 596 var,  546 idcode,  153 callback
295 Wed Sep 28 19:49:59 2022
296 pliAppHDL_DumpVarComplete: profile - 
          CPU/Mem usage: 0.100 sys,  0.330 user,  358.43M mem
                   incr: 0.000 sys,  0.010 user,  1.05M mem
                   accu: 0.000 sys,  0.010 user,  9.97M mem
              accu incr: 0.000 sys,  0.010 user,  1.05M mem

          Count usage: 596 var,  546 idcode,  153 callback
                 incr: 0 var,  0 idcode,  0 callback
                 accu: 596 var,  546 idcode,  153 callback
            accu incr: 0 var,  0 idcode,  0 callback
297 Wed Sep 28 19:49:59 2022
298 End of simulation at 18950
299 Wed Sep 28 19:49:59 2022
300 Begin FSDB profile info:
301 FSDB Writer : bc1(914) bcn(2580) mtf/stf(0/0)
FSDB Writer elapsed time : flush(0.002770) io wait(0.000000) theadpool wait(0.000000) target functin(0.000000)
FSDB Writer cpu time : MT Compression : 0
302 End FSDB profile info
303 Parallel profile    -  Flush:3 Expand:0 ProduceWait:0 ConsumerWait:0 BlockUsed:0
304                        ProduceTime:0.446749149 ConsumerTime:0.000000000 Buffer:64MB
305 SimExit
306 Sim process exit
